\BOOKMARK [1][-]{section.1}{\376\377\000I\000n\000t\000r\000o\000d\000u\000c\000t\000i\000o\000n}{}% 1
\BOOKMARK [1][-]{section.2}{\376\377\000T\000r\000a\000n\000s\000f\000o\000r\000m\000e\000r\000s}{}% 2
\BOOKMARK [2][-]{subsection.2.1}{\376\377\000I\000n\000p\000u\000t\000\040\000E\000m\000b\000e\000d\000d\000i\000n\000g\000\040\000L\000a\000y\000e\000r}{section.2}% 3
\BOOKMARK [2][-]{subsection.2.2}{\376\377\000T\000r\000a\000n\000s\000f\000o\000r\000m\000e\000r\000\040\000E\000n\000c\000o\000d\000e\000r}{section.2}% 4
\BOOKMARK [2][-]{subsection.2.3}{\376\377\000P\000o\000s\000i\000t\000i\000o\000n\000a\000l\000\040\000E\000m\000b\000e\000d\000d\000i\000n\000g\000s}{section.2}% 5
\BOOKMARK [3][-]{subsubsection.2.3.1}{\376\377\000E\000n\000c\000o\000d\000i\000n\000g\000\040\000L\000a\000y\000e\000r}{subsection.2.3}% 6
\BOOKMARK [3][-]{subsubsection.2.3.2}{\376\377\000M\000u\000l\000t\000i\000-\000H\000e\000a\000d\000\040\000A\000t\000t\000e\000n\000t\000i\000o\000n\000\040\000L\000a\000y\000e\000r}{subsection.2.3}% 7
\BOOKMARK [3][-]{subsubsection.2.3.3}{\376\377\000N\000o\000r\000m\000a\000l\000i\000z\000a\000t\000i\000o\000n\000\040\000a\000n\000d\000\040\000R\000e\000s\000i\000d\000u\000a\000l\000\040\000C\000o\000n\000n\000e\000c\000t\000i\000o\000n\000s}{subsection.2.3}% 8
\BOOKMARK [3][-]{subsubsection.2.3.4}{\376\377\000F\000e\000e\000d\000-\000F\000o\000r\000w\000a\000r\000d\000\040\000N\000e\000t\000w\000o\000r\000k}{subsection.2.3}% 9
\BOOKMARK [2][-]{subsection.2.4}{\376\377\000C\000o\000n\000s\000i\000d\000e\000r\000a\000n\000t\000i\000o\000n\000s\000\040\000a\000b\000o\000u\000t\000\040\000S\000e\000l\000f\000-\000A\000t\000t\000e\000n\000t\000i\000o\000n}{section.2}% 10
\BOOKMARK [2][-]{subsection.2.5}{\376\377\000O\000u\000t\000p\000u\000t\000\040\000E\000n\000c\000o\000d\000i\000n\000g}{section.2}% 11
\BOOKMARK [2][-]{subsection.2.6}{\376\377\000T\000r\000a\000n\000s\000f\000o\000r\000m\000e\000r\000\040\000D\000e\000c\000o\000d\000e\000r}{section.2}% 12
\BOOKMARK [3][-]{subsubsection.2.6.1}{\376\377\000P\000o\000s\000i\000t\000i\000o\000n\000a\000l\000\040\000E\000m\000b\000e\000d\000d\000i\000n\000g}{subsection.2.6}% 13
\BOOKMARK [3][-]{subsubsection.2.6.2}{\376\377\000D\000e\000c\000o\000d\000i\000n\000g\000\040\000L\000a\000y\000e\000r}{subsection.2.6}% 14
\BOOKMARK [3][-]{subsubsection.2.6.3}{\376\377\000M\000a\000s\000k\000e\000d\000\040\000S\000e\000l\000f\000-\000A\000t\000t\000e\000n\000t\000i\000o\000n\000\040\000M\000e\000c\000h\000a\000n\000i\000s\000m}{subsection.2.6}% 15
\BOOKMARK [3][-]{subsubsection.2.6.4}{\376\377\000E\000n\000c\000o\000d\000e\000r\000-\000D\000e\000c\000o\000d\000e\000r\000\040\000M\000u\000l\000t\000i\000-\000H\000e\000a\000d\000\040\000A\000t\000t\000e\000n\000t\000i\000o\000n\000\040\000o\000r\000\040\000C\000r\000o\000s\000s\000\040\000A\000t\000t\000e\000n\000t\000i\000o\000n}{subsection.2.6}% 16
\BOOKMARK [3][-]{subsubsection.2.6.5}{\376\377\000F\000e\000e\000d\000-\000F\000o\000r\000w\000a\000r\000d\000\040\000N\000e\000t\000w\000o\000r\000k}{subsection.2.6}% 17
\BOOKMARK [3][-]{subsubsection.2.6.6}{\376\377\000L\000i\000n\000e\000a\000r\000\040\000P\000r\000o\000j\000e\000c\000t\000i\000o\000n\000\040\000L\000a\000y\000e\000r\000\040\000a\000n\000d\000\040\000S\000o\000f\000t\000m\000a\000x\000\040\000A\000c\000t\000i\000v\000a\000t\000i\000o\000n\000\040\000F\000u\000n\000c\000t\000i\000o\000n}{subsection.2.6}% 18
\BOOKMARK [2][-]{subsection.2.7}{\376\377\000L\000o\000s\000s}{section.2}% 19
\BOOKMARK [1][-]{section.3}{\376\377\000V\000i\000s\000i\000o\000n\000\040\000T\000r\000a\000n\000s\000f\000o\000r\000m\000e\000r\000\040\000\050\000V\000i\000T\000\051}{}% 20
\BOOKMARK [2][-]{subsection.3.1}{\376\377\000I\000n\000p\000u\000t\000\040\000P\000r\000e\000-\000p\000r\000o\000c\000e\000s\000s\000i\000n\000g}{section.3}% 21
\BOOKMARK [2][-]{subsection.3.2}{\376\377\000V\000i\000T\000\040\000E\000n\000c\000o\000d\000e\000r}{section.3}% 22
\BOOKMARK [3][-]{subsubsection.3.2.1}{\376\377\000M\000u\000l\000t\000i\000-\000h\000e\000a\000d\000\040\000A\000t\000t\000e\000n\000t\000i\000o\000n\000\040\000N\000e\000t\000w\000o\000r\000k\000\040\000\050\000M\000A\000H\000\040\000o\000r\000\040\000M\000S\000P\000\051}{subsection.3.2}% 23
\BOOKMARK [3][-]{subsubsection.3.2.2}{\376\377\000R\000e\000s\000i\000d\000u\000a\000l\000\040\000C\000o\000n\000n\000e\000c\000t\000i\000o\000n\000s\000\040\000a\000n\000d\000\040\000N\000o\000r\000m\000\040\000L\000a\000y\000e\000r}{subsection.3.2}% 24
\BOOKMARK [3][-]{subsubsection.3.2.3}{\376\377\000M\000u\000l\000t\000i\000-\000L\000a\000y\000e\000r\000\040\000P\000e\000r\000c\000e\000p\000t\000r\000o\000n\000s\000\040\000\050\000M\000L\000P\000\051}{subsection.3.2}% 25
\BOOKMARK [2][-]{subsection.3.3}{\376\377\000V\000i\000T\000\040\000C\000l\000a\000s\000s\000i\000f\000i\000e\000r}{section.3}% 26
\BOOKMARK [2][-]{subsection.3.4}{\376\377\000L\000o\000s\000s}{section.3}% 27
\BOOKMARK [1][-]{section.4}{\376\377\000D\000e\000t\000e\000c\000t\000i\000o\000n\000\040\000T\000r\000a\000n\000s\000f\000o\000r\000m\000e\000r\000\040\000\050\000D\000E\000T\000R\000\051}{}% 28
\BOOKMARK [2][-]{subsection.4.1}{\376\377\000C\000N\000N\000\040\000B\000a\000c\000k\000b\000o\000n\000e\000\040\000M\000o\000d\000u\000l\000e}{section.4}% 29
\BOOKMARK [2][-]{subsection.4.2}{\376\377\000T\000r\000a\000n\000s\000f\000o\000r\000m\000e\000r\000\040\000M\000o\000d\000u\000l\000e}{section.4}% 30
\BOOKMARK [3][-]{subsubsection.4.2.1}{\376\377\000D\000E\000T\000R\000\040\000E\000n\000c\000o\000d\000e\000r\000\040\000M\000o\000d\000u\000l\000e}{subsection.4.2}% 31
\BOOKMARK [3][-]{subsubsection.4.2.2}{\376\377\000D\000E\000T\000R\000\040\000D\000e\000c\000o\000d\000e\000r\000\040\000M\000o\000d\000u\000l\000e}{subsection.4.2}% 32
\BOOKMARK [3][-]{subsubsection.4.2.3}{\376\377\000D\000E\000T\000R\000\040\000P\000r\000e\000d\000i\000c\000t\000i\000o\000n\000\040\000M\000o\000d\000u\000l\000e}{subsection.4.2}% 33
\BOOKMARK [1][-]{section.5}{\376\377\000D\000e\000f\000o\000r\000m\000a\000b\000l\000e\000\040\000D\000E\000T\000R}{}% 34
\BOOKMARK [2][-]{subsection.5.1}{\376\377\000D\000e\000f\000o\000r\000m\000a\000b\000l\000e\000\040\000A\000t\000t\000e\000n\000t\000i\000o\000n\000\040\000M\000e\000c\000h\000a\000n\000i\000s\000m}{section.5}% 35
\BOOKMARK [3][-]{subsubsection.5.1.1}{\376\377\000F\000e\000a\000t\000u\000r\000e\000s\000\040\000M\000a\000p\000s\000\040\000F\000l\000a\000t\000t\000e\000n\000i\000n\000g}{subsection.5.1}% 36
\BOOKMARK [2][-]{subsection.5.2}{\376\377\000D\000e\000f\000o\000r\000m\000a\000b\000l\000e\000\040\000A\000t\000t\000e\000n\000t\000i\000o\000n\000\040\000M\000e\000c\000h\000a\000n\000i\000s\000m}{section.5}% 37
